\BOOKMARK [0][-]{chapter.1}{Introduction}{}% 1
\BOOKMARK [0][-]{chapter.2}{D\351veloppement th\351orique des m\351thodes de descente}{}% 2
\BOOKMARK [1][-]{section.2.1}{Retour sur les m\351thodes de descente}{chapter.2}% 3
\BOOKMARK [2][-]{subsection.2.1.1}{Motivation de l'\351tude et de l'int\351r\352t}{section.2.1}% 4
\BOOKMARK [2][-]{subsection.2.1.2}{Encadrement du probl\350me}{section.2.1}% 5
\BOOKMARK [2][-]{subsection.2.1.3}{Int\351r\352t d'une fonction C2 sur Rn}{section.2.1}% 6
\BOOKMARK [2][-]{subsection.2.1.4}{Les m\351thodes de gradient}{section.2.1}% 7
\BOOKMARK [1][-]{section.2.2}{Introduction aux espaces de Krylov}{chapter.2}% 8
\BOOKMARK [2][-]{subsection.2.2.1}{D\351finition des espaces de Krylov}{section.2.2}% 9
\BOOKMARK [2][-]{subsection.2.2.2}{Quelques propri\351t\351s}{section.2.2}% 10
\BOOKMARK [2][-]{subsection.2.2.3}{Un premier algorithme : GMRES}{section.2.2}% 11
\BOOKMARK [1][-]{section.2.3}{L'approche par les espaces de Krylov du gradient conjugu\351}{chapter.2}% 12
\BOOKMARK [2][-]{subsection.2.3.1}{D\351finition du gradient conjugu\351}{section.2.3}% 13
\BOOKMARK [2][-]{subsection.2.3.2}{Propri\351t\351s de l'impl\351mentation du gradient conjugu\351}{section.2.3}% 14
\BOOKMARK [2][-]{subsection.2.3.3}{Algorithme du gradient conjugu\351}{section.2.3}% 15
\BOOKMARK [2][-]{subsection.2.3.4}{Quelques mots sur le gradient conjugu\351 non-lin\351aire}{section.2.3}% 16
\BOOKMARK [1][-]{section.2.4}{D'autres algorithmes de minimisation}{chapter.2}% 17
\BOOKMARK [2][-]{subsection.2.4.1}{Les algorithmes de Newton}{section.2.4}% 18
\BOOKMARK [2][-]{subsection.2.4.2}{Les algorithmes de Quasi-Newton}{section.2.4}% 19
\BOOKMARK [0][-]{chapter.3}{Applications des m\351thodes de descente au deep learning}{}% 20
\BOOKMARK [1][-]{section.3.1}{Introduction et Motivation}{chapter.3}% 21
\BOOKMARK [2][-]{subsection.3.1.1}{Intelligence artificielle, machine learning et deep learning}{section.3.1}% 22
\BOOKMARK [1][-]{section.3.2}{Architecture d'un r\351seau de neurones}{chapter.3}% 23
\BOOKMARK [2][-]{subsection.3.2.1}{D\351tail d'un neurone}{section.3.2}% 24
\BOOKMARK [2][-]{subsection.3.2.2}{Fonction d'activation}{section.3.2}% 25
\BOOKMARK [2][-]{subsection.3.2.3}{Fonction erreur}{section.3.2}% 26
\BOOKMARK [1][-]{section.3.3}{Application des algorithmes}{chapter.3}% 27
\BOOKMARK [0][-]{chapter.4}{Conclusion}{}% 28
